<?xml version="1.0" encoding="UTF-8"?>
<coverage generated="1713884945844" clover="3.2.0">
  <project timestamp="1713884945844" name="All files">
    <metrics statements="382" coveredstatements="349" conditionals="45" coveredconditionals="37" methods="22" coveredmethods="19" elements="449" coveredelements="405" complexity="0" loc="382" ncloc="382" packages="6" files="10" classes="10"/>
    <package name="src">
      <metrics statements="81" coveredstatements="78" conditionals="15" coveredconditionals="13" methods="4" coveredmethods="2"/>
      <file name="App.tsx" path="/Users/zakarr/Desktop/weather-app/src/App.tsx">
        <metrics statements="81" coveredstatements="78" conditionals="15" coveredconditionals="13" methods="4" coveredmethods="2"/>
        <line num="1" count="1" type="stmt"/>
        <line num="2" count="1" type="stmt"/>
        <line num="3" count="1" type="stmt"/>
        <line num="4" count="1" type="stmt"/>
        <line num="5" count="1" type="stmt"/>
        <line num="6" count="1" type="stmt"/>
        <line num="7" count="1" type="stmt"/>
        <line num="8" count="1" type="stmt"/>
        <line num="9" count="1" type="stmt"/>
        <line num="10" count="1" type="stmt"/>
        <line num="11" count="1" type="stmt"/>
        <line num="12" count="16" type="cond" truecount="1" falsecount="0"/>
        <line num="13" count="16" type="stmt"/>
        <line num="14" count="16" type="stmt"/>
        <line num="15" count="16" type="stmt"/>
        <line num="16" count="16" type="stmt"/>
        <line num="17" count="16" type="stmt"/>
        <line num="18" count="16" type="stmt"/>
        <line num="19" count="16" type="stmt"/>
        <line num="20" count="16" type="stmt"/>
        <line num="21" count="16" type="cond" truecount="0" falsecount="2"/>
        <line num="22" count="16" type="cond" truecount="1" falsecount="0"/>
        <line num="23" count="16" type="stmt"/>
        <line num="24" count="16" type="stmt"/>
        <line num="25" count="16" type="cond" truecount="1" falsecount="0"/>
        <line num="26" count="7" type="cond" truecount="2" falsecount="0"/>
        <line num="27" count="3" type="stmt"/>
        <line num="28" count="3" type="stmt"/>
        <line num="29" count="3" type="stmt"/>
        <line num="30" count="3" type="stmt"/>
        <line num="31" count="3" type="stmt"/>
        <line num="32" count="3" type="stmt"/>
        <line num="33" count="3" type="stmt"/>
        <line num="34" count="3" type="stmt"/>
        <line num="35" count="3" type="stmt"/>
        <line num="36" count="3" type="stmt"/>
        <line num="37" count="3" type="stmt"/>
        <line num="38" count="16" type="stmt"/>
        <line num="39" count="16" type="stmt"/>
        <line num="40" count="16" type="stmt"/>
        <line num="41" count="0" type="stmt"/>
        <line num="42" count="0" type="stmt"/>
        <line num="43" count="0" type="stmt"/>
        <line num="44" count="16" type="stmt"/>
        <line num="45" count="16" type="cond" truecount="1" falsecount="0"/>
        <line num="46" count="16" type="cond" truecount="2" falsecount="0"/>
        <line num="47" count="15" type="stmt"/>
        <line num="48" count="15" type="cond" truecount="1" falsecount="0"/>
        <line num="49" count="4" type="stmt"/>
        <line num="50" count="4" type="stmt"/>
        <line num="51" count="4" type="cond" truecount="1" falsecount="0"/>
        <line num="52" count="11" type="stmt"/>
        <line num="53" count="11" type="stmt"/>
        <line num="54" count="11" type="stmt"/>
        <line num="55" count="11" type="stmt"/>
        <line num="56" count="11" type="stmt"/>
        <line num="57" count="11" type="cond" truecount="1" falsecount="0"/>
        <line num="58" count="4" type="stmt"/>
        <line num="59" count="11" type="stmt"/>
        <line num="60" count="11" type="stmt"/>
        <line num="61" count="11" type="stmt"/>
        <line num="62" count="11" type="cond" truecount="2" falsecount="0"/>
        <line num="63" count="11" type="stmt"/>
        <line num="64" count="11" type="stmt"/>
        <line num="65" count="16" type="stmt"/>
        <line num="66" count="16" type="stmt"/>
        <line num="67" count="16" type="stmt"/>
        <line num="68" count="16" type="stmt"/>
        <line num="69" count="16" type="stmt"/>
        <line num="70" count="16" type="stmt"/>
        <line num="71" count="16" type="stmt"/>
        <line num="72" count="16" type="stmt"/>
        <line num="73" count="16" type="stmt"/>
        <line num="74" count="16" type="stmt"/>
        <line num="75" count="16" type="stmt"/>
        <line num="76" count="16" type="stmt"/>
        <line num="77" count="16" type="stmt"/>
        <line num="78" count="16" type="stmt"/>
        <line num="79" count="16" type="stmt"/>
        <line num="80" count="1" type="stmt"/>
        <line num="81" count="1" type="stmt"/>
      </file>
    </package>
    <package name="src.api">
      <metrics statements="40" coveredstatements="38" conditionals="8" coveredconditionals="5" methods="4" coveredmethods="4"/>
      <file name="weather.ts" path="/Users/zakarr/Desktop/weather-app/src/api/weather.ts">
        <metrics statements="40" coveredstatements="38" conditionals="8" coveredconditionals="5" methods="4" coveredmethods="4"/>
        <line num="1" count="1" type="stmt"/>
        <line num="2" count="1" type="stmt"/>
        <line num="3" count="1" type="stmt"/>
        <line num="4" count="1" type="stmt"/>
        <line num="5" count="1" type="stmt"/>
        <line num="6" count="1" type="stmt"/>
        <line num="7" count="1" type="cond" truecount="1" falsecount="0"/>
        <line num="8" count="4" type="stmt"/>
        <line num="9" count="4" type="stmt"/>
        <line num="10" count="4" type="stmt"/>
        <line num="11" count="4" type="stmt"/>
        <line num="12" count="4" type="stmt"/>
        <line num="13" count="1" type="stmt"/>
        <line num="14" count="1" type="cond" truecount="1" falsecount="0"/>
        <line num="15" count="4" type="stmt"/>
        <line num="16" count="4" type="stmt"/>
        <line num="17" count="4" type="cond" truecount="1" falsecount="0"/>
        <line num="18" count="3" type="stmt"/>
        <line num="19" count="4" type="stmt"/>
        <line num="20" count="1" type="stmt"/>
        <line num="21" count="1" type="cond" truecount="1" falsecount="0"/>
        <line num="22" count="4" type="stmt"/>
        <line num="23" count="4" type="cond" truecount="0" falsecount="1"/>
        <line num="24" count="4" type="stmt"/>
        <line num="25" count="4" type="stmt"/>
        <line num="26" count="4" type="stmt"/>
        <line num="27" count="1" type="stmt"/>
        <line num="28" count="1" type="cond" truecount="1" falsecount="0"/>
        <line num="29" count="4" type="stmt"/>
        <line num="30" count="4" type="stmt"/>
        <line num="31" count="4" type="stmt"/>
        <line num="32" count="4" type="stmt"/>
        <line num="33" count="4" type="stmt"/>
        <line num="34" count="4" type="stmt"/>
        <line num="35" count="4" type="cond" truecount="0" falsecount="1"/>
        <line num="36" count="0" type="stmt"/>
        <line num="37" count="0" type="stmt"/>
        <line num="38" count="4" type="cond" truecount="0" falsecount="1"/>
        <line num="39" count="4" type="stmt"/>
        <line num="40" count="4" type="stmt"/>
      </file>
    </package>
    <package name="src.components">
      <metrics statements="195" coveredstatements="167" conditionals="13" coveredconditionals="10" methods="9" coveredmethods="8"/>
      <file name="Forecast.tsx" path="/Users/zakarr/Desktop/weather-app/src/components/Forecast.tsx">
        <metrics statements="36" coveredstatements="36" conditionals="2" coveredconditionals="2" methods="1" coveredmethods="1"/>
        <line num="1" count="1" type="stmt"/>
        <line num="2" count="1" type="stmt"/>
        <line num="3" count="1" type="stmt"/>
        <line num="4" count="1" type="stmt"/>
        <line num="5" count="1" type="stmt"/>
        <line num="6" count="1" type="stmt"/>
        <line num="7" count="1" type="stmt"/>
        <line num="8" count="1" type="stmt"/>
        <line num="9" count="1" type="stmt"/>
        <line num="10" count="1" type="cond" truecount="1" falsecount="0"/>
        <line num="11" count="1" type="stmt"/>
        <line num="12" count="1" type="stmt"/>
        <line num="13" count="1" type="stmt"/>
        <line num="14" count="1" type="stmt"/>
        <line num="15" count="1" type="stmt"/>
        <line num="16" count="1" type="stmt"/>
        <line num="17" count="1" type="stmt"/>
        <line num="18" count="1" type="stmt"/>
        <line num="19" count="1" type="cond" truecount="1" falsecount="0"/>
        <line num="20" count="2" type="stmt"/>
        <line num="21" count="2" type="stmt"/>
        <line num="22" count="2" type="stmt"/>
        <line num="23" count="2" type="stmt"/>
        <line num="24" count="2" type="stmt"/>
        <line num="25" count="2" type="stmt"/>
        <line num="26" count="2" type="stmt"/>
        <line num="27" count="2" type="stmt"/>
        <line num="28" count="2" type="stmt"/>
        <line num="29" count="2" type="stmt"/>
        <line num="30" count="2" type="stmt"/>
        <line num="31" count="2" type="stmt"/>
        <line num="32" count="2" type="stmt"/>
        <line num="33" count="1" type="stmt"/>
        <line num="34" count="1" type="stmt"/>
        <line num="35" count="1" type="stmt"/>
        <line num="36" count="1" type="stmt"/>
      </file>
      <file name="LoadingSpinner.tsx" path="/Users/zakarr/Desktop/weather-app/src/components/LoadingSpinner.tsx">
        <metrics statements="7" coveredstatements="7" conditionals="1" coveredconditionals="1" methods="1" coveredmethods="1"/>
        <line num="1" count="1" type="stmt"/>
        <line num="2" count="1" type="stmt"/>
        <line num="3" count="4" type="cond" truecount="1" falsecount="0"/>
        <line num="4" count="4" type="stmt"/>
        <line num="5" count="4" type="stmt"/>
        <line num="6" count="4" type="stmt"/>
        <line num="7" count="4" type="stmt"/>
      </file>
      <file name="Weather.tsx" path="/Users/zakarr/Desktop/weather-app/src/components/Weather.tsx">
        <metrics statements="46" coveredstatements="46" conditionals="4" coveredconditionals="4" methods="3" coveredmethods="3"/>
        <line num="1" count="1" type="stmt"/>
        <line num="2" count="1" type="stmt"/>
        <line num="3" count="1" type="stmt"/>
        <line num="4" count="1" type="stmt"/>
        <line num="5" count="1" type="stmt"/>
        <line num="6" count="1" type="stmt"/>
        <line num="7" count="1" type="stmt"/>
        <line num="8" count="1" type="stmt"/>
        <line num="9" count="1" type="stmt"/>
        <line num="10" count="4" type="cond" truecount="1" falsecount="0"/>
        <line num="11" count="4" type="cond" truecount="1" falsecount="0"/>
        <line num="12" count="1" type="stmt"/>
        <line num="13" count="1" type="stmt"/>
        <line num="14" count="1" type="stmt"/>
        <line num="15" count="1" type="stmt"/>
        <line num="16" count="1" type="stmt"/>
        <line num="17" count="1" type="stmt"/>
        <line num="18" count="4" type="stmt"/>
        <line num="19" count="4" type="stmt"/>
        <line num="20" count="4" type="stmt"/>
        <line num="21" count="4" type="stmt"/>
        <line num="22" count="4" type="stmt"/>
        <line num="23" count="4" type="stmt"/>
        <line num="24" count="4" type="stmt"/>
        <line num="25" count="4" type="stmt"/>
        <line num="26" count="4" type="stmt"/>
        <line num="27" count="4" type="stmt"/>
        <line num="28" count="4" type="stmt"/>
        <line num="29" count="4" type="stmt"/>
        <line num="30" count="4" type="stmt"/>
        <line num="31" count="4" type="stmt"/>
        <line num="32" count="4" type="cond" truecount="1" falsecount="0"/>
        <line num="33" count="4" type="stmt"/>
        <line num="34" count="4" type="stmt"/>
        <line num="35" count="4" type="stmt"/>
        <line num="36" count="4" type="stmt"/>
        <line num="37" count="4" type="cond" truecount="1" falsecount="0"/>
        <line num="38" count="4" type="stmt"/>
        <line num="39" count="4" type="stmt"/>
        <line num="40" count="4" type="stmt"/>
        <line num="41" count="4" type="stmt"/>
        <line num="42" count="4" type="stmt"/>
        <line num="43" count="4" type="stmt"/>
        <line num="44" count="4" type="stmt"/>
        <line num="45" count="4" type="stmt"/>
        <line num="46" count="4" type="stmt"/>
      </file>
      <file name="WeatherForm.tsx" path="/Users/zakarr/Desktop/weather-app/src/components/WeatherForm.tsx">
        <metrics statements="84" coveredstatements="64" conditionals="4" coveredconditionals="2" methods="3" coveredmethods="2"/>
        <line num="1" count="1" type="stmt"/>
        <line num="2" count="1" type="stmt"/>
        <line num="3" count="1" type="stmt"/>
        <line num="4" count="1" type="stmt"/>
        <line num="5" count="1" type="stmt"/>
        <line num="6" count="1" type="stmt"/>
        <line num="7" count="1" type="stmt"/>
        <line num="8" count="1" type="stmt"/>
        <line num="9" count="1" type="stmt"/>
        <line num="10" count="1" type="stmt"/>
        <line num="11" count="1" type="stmt"/>
        <line num="12" count="40" type="cond" truecount="1" falsecount="0"/>
        <line num="13" count="40" type="stmt"/>
        <line num="14" count="40" type="stmt"/>
        <line num="15" count="40" type="stmt"/>
        <line num="16" count="40" type="stmt"/>
        <line num="17" count="40" type="cond" truecount="1" falsecount="0"/>
        <line num="18" count="4" type="stmt"/>
        <line num="19" count="4" type="stmt"/>
        <line num="20" count="4" type="stmt"/>
        <line num="21" count="40" type="stmt"/>
        <line num="22" count="40" type="stmt"/>
        <line num="23" count="40" type="stmt"/>
        <line num="24" count="0" type="stmt"/>
        <line num="25" count="0" type="stmt"/>
        <line num="26" count="0" type="stmt"/>
        <line num="27" count="0" type="stmt"/>
        <line num="28" count="0" type="stmt"/>
        <line num="29" count="0" type="stmt"/>
        <line num="30" count="0" type="stmt"/>
        <line num="31" count="0" type="stmt"/>
        <line num="32" count="0" type="stmt"/>
        <line num="33" count="0" type="stmt"/>
        <line num="34" count="0" type="stmt"/>
        <line num="35" count="0" type="stmt"/>
        <line num="36" count="0" type="stmt"/>
        <line num="37" count="0" type="stmt"/>
        <line num="38" count="0" type="stmt"/>
        <line num="39" count="0" type="stmt"/>
        <line num="40" count="0" type="stmt"/>
        <line num="41" count="0" type="stmt"/>
        <line num="42" count="40" type="stmt"/>
        <line num="43" count="40" type="stmt"/>
        <line num="44" count="40" type="stmt"/>
        <line num="45" count="40" type="stmt"/>
        <line num="46" count="40" type="stmt"/>
        <line num="47" count="40" type="stmt"/>
        <line num="48" count="40" type="stmt"/>
        <line num="49" count="40" type="stmt"/>
        <line num="50" count="40" type="stmt"/>
        <line num="51" count="40" type="stmt"/>
        <line num="52" count="40" type="stmt"/>
        <line num="53" count="40" type="stmt"/>
        <line num="54" count="40" type="stmt"/>
        <line num="55" count="40" type="stmt"/>
        <line num="56" count="40" type="stmt"/>
        <line num="57" count="40" type="stmt"/>
        <line num="58" count="40" type="stmt"/>
        <line num="59" count="40" type="stmt"/>
        <line num="60" count="40" type="stmt"/>
        <line num="61" count="40" type="stmt"/>
        <line num="62" count="40" type="stmt"/>
        <line num="63" count="40" type="stmt"/>
        <line num="64" count="40" type="stmt"/>
        <line num="65" count="40" type="stmt"/>
        <line num="66" count="40" type="stmt"/>
        <line num="67" count="40" type="stmt"/>
        <line num="68" count="40" type="stmt"/>
        <line num="69" count="40" type="stmt"/>
        <line num="70" count="40" type="stmt"/>
        <line num="71" count="40" type="stmt"/>
        <line num="72" count="40" type="stmt"/>
        <line num="73" count="40" type="stmt"/>
        <line num="74" count="40" type="stmt"/>
        <line num="75" count="40" type="cond" truecount="0" falsecount="1"/>
        <line num="76" count="0" type="stmt"/>
        <line num="77" count="0" type="stmt"/>
        <line num="78" count="40" type="stmt"/>
        <line num="79" count="40" type="stmt"/>
        <line num="80" count="40" type="cond" truecount="0" falsecount="1"/>
        <line num="81" count="40" type="stmt"/>
        <line num="82" count="40" type="stmt"/>
        <line num="83" count="40" type="stmt"/>
        <line num="84" count="40" type="stmt"/>
      </file>
      <file name="WeatherIcons.tsx" path="/Users/zakarr/Desktop/weather-app/src/components/WeatherIcons.tsx">
        <metrics statements="22" coveredstatements="14" conditionals="2" coveredconditionals="1" methods="1" coveredmethods="1"/>
        <line num="1" count="1" type="stmt"/>
        <line num="2" count="1" type="stmt"/>
        <line num="3" count="1" type="stmt"/>
        <line num="4" count="1" type="stmt"/>
        <line num="5" count="1" type="stmt"/>
        <line num="6" count="1" type="stmt"/>
        <line num="7" count="1" type="stmt"/>
        <line num="8" count="1" type="stmt"/>
        <line num="9" count="1" type="stmt"/>
        <line num="10" count="1" type="stmt"/>
        <line num="11" count="1" type="stmt"/>
        <line num="12" count="2" type="cond" truecount="1" falsecount="0"/>
        <line num="13" count="2" type="cond" truecount="0" falsecount="1"/>
        <line num="14" count="0" type="stmt"/>
        <line num="15" count="0" type="stmt"/>
        <line num="16" count="0" type="stmt"/>
        <line num="17" count="0" type="stmt"/>
        <line num="18" count="0" type="stmt"/>
        <line num="19" count="0" type="stmt"/>
        <line num="20" count="0" type="stmt"/>
        <line num="21" count="0" type="stmt"/>
        <line num="22" count="2" type="stmt"/>
      </file>
    </package>
    <package name="src.components.banners">
      <metrics statements="9" coveredstatements="9" conditionals="1" coveredconditionals="1" methods="1" coveredmethods="1"/>
      <file name="Warning.tsx" path="/Users/zakarr/Desktop/weather-app/src/components/banners/Warning.tsx">
        <metrics statements="9" coveredstatements="9" conditionals="1" coveredconditionals="1" methods="1" coveredmethods="1"/>
        <line num="1" count="1" type="stmt"/>
        <line num="2" count="1" type="stmt"/>
        <line num="3" count="1" type="cond" truecount="1" falsecount="0"/>
        <line num="4" count="1" type="stmt"/>
        <line num="5" count="1" type="stmt"/>
        <line num="6" count="1" type="stmt"/>
        <line num="7" count="1" type="stmt"/>
        <line num="8" count="1" type="stmt"/>
        <line num="9" count="1" type="stmt"/>
      </file>
    </package>
    <package name="src.hooks">
      <metrics statements="23" coveredstatements="23" conditionals="2" coveredconditionals="2" methods="2" coveredmethods="2"/>
      <file name="useWeather.ts" path="/Users/zakarr/Desktop/weather-app/src/hooks/useWeather.ts">
        <metrics statements="23" coveredstatements="23" conditionals="2" coveredconditionals="2" methods="2" coveredmethods="2"/>
        <line num="1" count="1" type="stmt"/>
        <line num="2" count="1" type="stmt"/>
        <line num="3" count="1" type="stmt"/>
        <line num="4" count="1" type="stmt"/>
        <line num="5" count="1" type="cond" truecount="1" falsecount="0"/>
        <line num="6" count="16" type="stmt"/>
        <line num="7" count="16" type="stmt"/>
        <line num="8" count="16" type="stmt"/>
        <line num="9" count="16" type="stmt"/>
        <line num="10" count="16" type="stmt"/>
        <line num="11" count="16" type="stmt"/>
        <line num="12" count="16" type="stmt"/>
        <line num="13" count="16" type="stmt"/>
        <line num="14" count="16" type="stmt"/>
        <line num="15" count="16" type="stmt"/>
        <line num="16" count="16" type="stmt"/>
        <line num="17" count="16" type="stmt"/>
        <line num="18" count="16" type="cond" truecount="1" falsecount="0"/>
        <line num="19" count="16" type="stmt"/>
        <line num="20" count="16" type="stmt"/>
        <line num="21" count="16" type="stmt"/>
        <line num="22" count="16" type="stmt"/>
        <line num="23" count="16" type="stmt"/>
      </file>
    </package>
    <package name="src.utils">
      <metrics statements="34" coveredstatements="34" conditionals="6" coveredconditionals="6" methods="2" coveredmethods="2"/>
      <file name="utils.ts" path="/Users/zakarr/Desktop/weather-app/src/utils/utils.ts">
        <metrics statements="34" coveredstatements="34" conditionals="6" coveredconditionals="6" methods="2" coveredmethods="2"/>
        <line num="1" count="1" type="stmt"/>
        <line num="2" count="1" type="stmt"/>
        <line num="3" count="1" type="stmt"/>
        <line num="4" count="1" type="stmt"/>
        <line num="5" count="1" type="cond" truecount="1" falsecount="0"/>
        <line num="6" count="3" type="cond" truecount="1" falsecount="0"/>
        <line num="7" count="9" type="stmt"/>
        <line num="8" count="9" type="stmt"/>
        <line num="9" count="9" type="stmt"/>
        <line num="10" count="9" type="stmt"/>
        <line num="11" count="9" type="stmt"/>
        <line num="12" count="9" type="stmt"/>
        <line num="13" count="3" type="stmt"/>
        <line num="14" count="1" type="stmt"/>
        <line num="15" count="1" type="cond" truecount="1" falsecount="0"/>
        <line num="16" count="3" type="stmt"/>
        <line num="17" count="3" type="stmt"/>
        <line num="18" count="3" type="cond" truecount="1" falsecount="0"/>
        <line num="19" count="6" type="stmt"/>
        <line num="20" count="6" type="stmt"/>
        <line num="21" count="6" type="stmt"/>
        <line num="22" count="6" type="stmt"/>
        <line num="23" count="6" type="stmt"/>
        <line num="24" count="6" type="stmt"/>
        <line num="25" count="6" type="stmt"/>
        <line num="26" count="6" type="cond" truecount="1" falsecount="0"/>
        <line num="27" count="3" type="cond" truecount="1" falsecount="0"/>
        <line num="28" count="3" type="stmt"/>
        <line num="29" count="6" type="stmt"/>
        <line num="30" count="6" type="stmt"/>
        <line num="31" count="3" type="stmt"/>
        <line num="32" count="3" type="stmt"/>
        <line num="33" count="3" type="stmt"/>
        <line num="34" count="3" type="stmt"/>
      </file>
    </package>
  </project>
</coverage>
